[0.006s] Invoking command in '/home/cyun/ros2_to_ros1_ws/v1.0/ros2_to_ros1_ws/ros2/build/data_bridge_ros2': AMENT_PREFIX_PATH=/home/cyun/ros2_to_ros1_ws/v1.0/ros2_to_ros1_ws/ros2/install/car_interfaces:${AMENT_PREFIX_PATH} CMAKE_PREFIX_PATH=/home/cyun/ros2_to_ros1_ws/v1.0/ros2_to_ros1_ws/ros2/install/car_interfaces:/opt/ros/galactic:${CMAKE_PREFIX_PATH} LD_LIBRARY_PATH=/home/cyun/ros2_to_ros1_ws/v1.0/ros2_to_ros1_ws/ros2/install/car_interfaces/lib:/opt/ros/galactic/opt/yaml_cpp_vendor/lib:/opt/ros/galactic/opt/rviz_ogre_vendor/lib:/opt/ros/galactic/lib/x86_64-linux-gnu:/opt/ros/galactic/lib:/opt/ros/noetic/lib:/opt/ros/noetic/lib/x86_64-linux-gnu:/usr/local/lib:/opt/deepways_master/lib:/home/cyun/Downloads/apps/TensorRT-8.5.3.1/lib:/usr/local/lib:/opt/deepways_master/lib:/home/cyun/Downloads/apps/TensorRT-8.5.3.1/lib:/usr/local/cuda-11.8/lib64:/home/cyun/.mujoco/mujoco210/bin:/usr/lib/nvidia:/usr/lib/x86_64-linux-gnu/gazebo-11/plugins:/usr/local/cuda-11.8/lib64:/home/cyun/.mujoco/mujoco210/bin:/usr/lib/nvidia:/usr/lib/x86_64-linux-gnu/gazebo-11/plugins:/usr/lib/x86_64-linux-gnu/gazebo-11/plugins PYTHONPATH=/home/cyun/ros2_to_ros1_ws/v1.0/ros2_to_ros1_ws/ros2/install/car_interfaces/lib/python3.8/site-packages:${PYTHONPATH} /home/cyun/.local/bin/cmake /home/cyun/ros2_to_ros1_ws/v1.0/ros2_to_ros1_ws/ros2/src/data_bridge_ros2 -DCMAKE_INSTALL_PREFIX=/home/cyun/ros2_to_ros1_ws/v1.0/ros2_to_ros1_ws/ros2/install/data_bridge_ros2
[0.042s] [0mCMake Deprecation Warning at CMakeLists.txt:1 (cmake_minimum_required):
[0.042s]   Compatibility with CMake < 3.10 will be removed from a future version of
[0.042s]   CMake.
[0.042s] 
[0.042s]   Update the VERSION argument <min> value.  Or, use the <min>...<max> syntax
[0.042s]   to tell CMake that the project requires at least <min> but has been updated
[0.042s]   to work with policies introduced by <max> or earlier.
[0.042s] 
[0.042s] [0m
[0.048s] -- Found ament_cmake: 1.1.6 (/opt/ros/galactic/share/ament_cmake/cmake)
[0.048s] [33mCMake Warning (dev) at /opt/ros/galactic/share/ament_cmake_core/cmake/core/python.cmake:22 (find_package):
[0.048s]   Policy CMP0148 is not set: The FindPythonInterp and FindPythonLibs modules
[0.048s]   are removed.  Run "cmake --help-policy CMP0148" for policy details.  Use
[0.048s]   the cmake_policy command to set the policy and suppress this warning.
[0.048s] 
[0.048s] Call Stack (most recent call first):
[0.048s]   /opt/ros/galactic/share/ament_cmake_core/cmake/core/all.cmake:53 (include)
[0.048s]   /opt/ros/galactic/share/ament_cmake_core/cmake/ament_cmake_core-extras.cmake:17 (include)
[0.048s]   /opt/ros/galactic/share/ament_cmake_core/cmake/ament_cmake_coreConfig.cmake:41 (include)
[0.049s]   /opt/ros/galactic/share/ament_cmake/cmake/ament_cmake_export_dependencies-extras.cmake:15 (find_package)
[0.049s]   /opt/ros/galactic/share/ament_cmake/cmake/ament_cmakeConfig.cmake:41 (include)
[0.049s]   CMakeLists.txt:9 (find_package)
[0.049s] This warning is for project developers.  Use -Wno-dev to suppress it.
[0.049s] [0m
[0.063s] -- Using PYTHON_EXECUTABLE: /usr/bin/python3
[0.097s] -- Found rclcpp: 9.2.2 (/opt/ros/galactic/share/rclcpp/cmake)
[0.118s] -- Using all available rosidl_typesupport_c: rosidl_typesupport_fastrtps_c;rosidl_typesupport_introspection_c
[0.120s] -- Found rosidl_adapter: 2.2.3 (/opt/ros/galactic/share/rosidl_adapter/cmake)
[0.190s] -- Using all available rosidl_typesupport_cpp: rosidl_typesupport_fastrtps_cpp;rosidl_typesupport_introspection_cpp
[0.213s] -- Found rmw_implementation_cmake: 3.3.1 (/opt/ros/galactic/share/rmw_implementation_cmake/cmake)
[0.214s] -- Found rmw_cyclonedds_cpp: 0.22.6 (/opt/ros/galactic/share/rmw_cyclonedds_cpp/cmake)
[0.222s] -- Using RMW implementation 'rmw_cyclonedds_cpp' as default
[0.286s] -- Found sensor_msgs: 2.2.4 (/opt/ros/galactic/share/sensor_msgs/cmake)
[0.339s] -- Found tf2_msgs: 0.17.5 (/opt/ros/galactic/share/tf2_msgs/cmake)
[0.423s] -- Found car_interfaces: 0.0.0 (/home/cyun/ros2_to_ros1_ws/v1.0/ros2_to_ros1_ws/ros2/install/car_interfaces/share/car_interfaces/cmake)
[0.474s] -- Found geodesy: 1.0.4 (/opt/ros/galactic/share/geodesy/cmake)
[0.556s] -- Found ament_lint_auto: 0.10.7 (/opt/ros/galactic/share/ament_lint_auto/cmake)
[0.605s] -- Added test 'copyright' to check source files copyright and LICENSE
[0.606s] -- Added test 'cppcheck' to perform static code analysis on C / C++ code
[0.606s] -- Configured cppcheck include dirs: /home/cyun/ros2_to_ros1_ws/v1.0/ros2_to_ros1_ws/ros2/src/data_bridge_ros2/include
[0.606s] -- Configured cppcheck exclude dirs and/or files: 
[0.607s] -- Added test 'cpplint' to check C / C++ code against the Google style
[0.607s] -- Configured cpplint exclude dirs and/or files: 
[0.607s] -- Added test 'flake8' to check Python code syntax and style conventions
[0.607s] -- Added test 'lint_cmake' to check CMake code style
[0.607s] -- Added test 'pep257' to check Python code against some of the style conventions in PEP 257
[0.608s] -- Added test 'uncrustify' to check C / C++ code style
[0.608s] -- Configured uncrustify additional arguments: 
[0.608s] -- Added test 'xmllint' to check XML markup files
[0.609s] -- Configuring done (0.6s)
[0.624s] -- Generating done (0.0s)
[0.627s] -- Build files have been written to: /home/cyun/ros2_to_ros1_ws/v1.0/ros2_to_ros1_ws/ros2/build/data_bridge_ros2
[0.631s] Invoked command in '/home/cyun/ros2_to_ros1_ws/v1.0/ros2_to_ros1_ws/ros2/build/data_bridge_ros2' returned '0': AMENT_PREFIX_PATH=/home/cyun/ros2_to_ros1_ws/v1.0/ros2_to_ros1_ws/ros2/install/car_interfaces:${AMENT_PREFIX_PATH} CMAKE_PREFIX_PATH=/home/cyun/ros2_to_ros1_ws/v1.0/ros2_to_ros1_ws/ros2/install/car_interfaces:/opt/ros/galactic:${CMAKE_PREFIX_PATH} LD_LIBRARY_PATH=/home/cyun/ros2_to_ros1_ws/v1.0/ros2_to_ros1_ws/ros2/install/car_interfaces/lib:/opt/ros/galactic/opt/yaml_cpp_vendor/lib:/opt/ros/galactic/opt/rviz_ogre_vendor/lib:/opt/ros/galactic/lib/x86_64-linux-gnu:/opt/ros/galactic/lib:/opt/ros/noetic/lib:/opt/ros/noetic/lib/x86_64-linux-gnu:/usr/local/lib:/opt/deepways_master/lib:/home/cyun/Downloads/apps/TensorRT-8.5.3.1/lib:/usr/local/lib:/opt/deepways_master/lib:/home/cyun/Downloads/apps/TensorRT-8.5.3.1/lib:/usr/local/cuda-11.8/lib64:/home/cyun/.mujoco/mujoco210/bin:/usr/lib/nvidia:/usr/lib/x86_64-linux-gnu/gazebo-11/plugins:/usr/local/cuda-11.8/lib64:/home/cyun/.mujoco/mujoco210/bin:/usr/lib/nvidia:/usr/lib/x86_64-linux-gnu/gazebo-11/plugins:/usr/lib/x86_64-linux-gnu/gazebo-11/plugins PYTHONPATH=/home/cyun/ros2_to_ros1_ws/v1.0/ros2_to_ros1_ws/ros2/install/car_interfaces/lib/python3.8/site-packages:${PYTHONPATH} /home/cyun/.local/bin/cmake /home/cyun/ros2_to_ros1_ws/v1.0/ros2_to_ros1_ws/ros2/src/data_bridge_ros2 -DCMAKE_INSTALL_PREFIX=/home/cyun/ros2_to_ros1_ws/v1.0/ros2_to_ros1_ws/ros2/install/data_bridge_ros2
[0.632s] Invoking command in '/home/cyun/ros2_to_ros1_ws/v1.0/ros2_to_ros1_ws/ros2/build/data_bridge_ros2': AMENT_PREFIX_PATH=/home/cyun/ros2_to_ros1_ws/v1.0/ros2_to_ros1_ws/ros2/install/car_interfaces:${AMENT_PREFIX_PATH} CMAKE_PREFIX_PATH=/home/cyun/ros2_to_ros1_ws/v1.0/ros2_to_ros1_ws/ros2/install/car_interfaces:/opt/ros/galactic:${CMAKE_PREFIX_PATH} LD_LIBRARY_PATH=/home/cyun/ros2_to_ros1_ws/v1.0/ros2_to_ros1_ws/ros2/install/car_interfaces/lib:/opt/ros/galactic/opt/yaml_cpp_vendor/lib:/opt/ros/galactic/opt/rviz_ogre_vendor/lib:/opt/ros/galactic/lib/x86_64-linux-gnu:/opt/ros/galactic/lib:/opt/ros/noetic/lib:/opt/ros/noetic/lib/x86_64-linux-gnu:/usr/local/lib:/opt/deepways_master/lib:/home/cyun/Downloads/apps/TensorRT-8.5.3.1/lib:/usr/local/lib:/opt/deepways_master/lib:/home/cyun/Downloads/apps/TensorRT-8.5.3.1/lib:/usr/local/cuda-11.8/lib64:/home/cyun/.mujoco/mujoco210/bin:/usr/lib/nvidia:/usr/lib/x86_64-linux-gnu/gazebo-11/plugins:/usr/local/cuda-11.8/lib64:/home/cyun/.mujoco/mujoco210/bin:/usr/lib/nvidia:/usr/lib/x86_64-linux-gnu/gazebo-11/plugins:/usr/lib/x86_64-linux-gnu/gazebo-11/plugins PYTHONPATH=/home/cyun/ros2_to_ros1_ws/v1.0/ros2_to_ros1_ws/ros2/install/car_interfaces/lib/python3.8/site-packages:${PYTHONPATH} /home/cyun/.local/bin/cmake --build /home/cyun/ros2_to_ros1_ws/v1.0/ros2_to_ros1_ws/ros2/build/data_bridge_ros2 -- -j32 -l32
[0.683s] [  8%] [32mBuilding CXX object CMakeFiles/pointcloud_writer_node.dir/src/pointcloud_writer.cpp.o[0m
[0.684s] [ 16%] [32mBuilding CXX object CMakeFiles/imu_writer_node.dir/src/imu_writer.cpp.o[0m
[0.684s] [ 33%] [32mBuilding CXX object CMakeFiles/tf_writer_node.dir/src/tf_writer.cpp.o[0m
[0.684s] [ 33%] [32mBuilding CXX object CMakeFiles/performance_monitor.dir/src/performance_monitor.cpp.o[0m
[0.684s] [ 41%] [32mBuilding CXX object CMakeFiles/benchmark_tool.dir/src/benchmark_tool.cpp.o[0m
[0.684s] [ 50%] [32mBuilding CXX object CMakeFiles/gps_converter_node.dir/src/gps_converter_node.cpp.o[0m
[3.108s] [ 58%] [32m[1mLinking CXX executable performance_monitor[0m
[3.223s] [ 58%] Built target performance_monitor
[3.811s] [ 66%] [32m[1mLinking CXX executable benchmark_tool[0m
[3.946s] [ 66%] Built target benchmark_tool
[4.886s] [ 75%] [32m[1mLinking CXX executable imu_writer_node[0m
[4.936s] [ 83%] [32m[1mLinking CXX executable tf_writer_node[0m
[4.944s] [ 91%] [32m[1mLinking CXX executable gps_converter_node[0m
[4.952s] [100%] [32m[1mLinking CXX executable pointcloud_writer_node[0m
[5.062s] [100%] Built target imu_writer_node
[5.122s] [100%] Built target tf_writer_node
[5.134s] [100%] Built target pointcloud_writer_node
[5.156s] [100%] Built target gps_converter_node
[5.166s] Invoked command in '/home/cyun/ros2_to_ros1_ws/v1.0/ros2_to_ros1_ws/ros2/build/data_bridge_ros2' returned '0': AMENT_PREFIX_PATH=/home/cyun/ros2_to_ros1_ws/v1.0/ros2_to_ros1_ws/ros2/install/car_interfaces:${AMENT_PREFIX_PATH} CMAKE_PREFIX_PATH=/home/cyun/ros2_to_ros1_ws/v1.0/ros2_to_ros1_ws/ros2/install/car_interfaces:/opt/ros/galactic:${CMAKE_PREFIX_PATH} LD_LIBRARY_PATH=/home/cyun/ros2_to_ros1_ws/v1.0/ros2_to_ros1_ws/ros2/install/car_interfaces/lib:/opt/ros/galactic/opt/yaml_cpp_vendor/lib:/opt/ros/galactic/opt/rviz_ogre_vendor/lib:/opt/ros/galactic/lib/x86_64-linux-gnu:/opt/ros/galactic/lib:/opt/ros/noetic/lib:/opt/ros/noetic/lib/x86_64-linux-gnu:/usr/local/lib:/opt/deepways_master/lib:/home/cyun/Downloads/apps/TensorRT-8.5.3.1/lib:/usr/local/lib:/opt/deepways_master/lib:/home/cyun/Downloads/apps/TensorRT-8.5.3.1/lib:/usr/local/cuda-11.8/lib64:/home/cyun/.mujoco/mujoco210/bin:/usr/lib/nvidia:/usr/lib/x86_64-linux-gnu/gazebo-11/plugins:/usr/local/cuda-11.8/lib64:/home/cyun/.mujoco/mujoco210/bin:/usr/lib/nvidia:/usr/lib/x86_64-linux-gnu/gazebo-11/plugins:/usr/lib/x86_64-linux-gnu/gazebo-11/plugins PYTHONPATH=/home/cyun/ros2_to_ros1_ws/v1.0/ros2_to_ros1_ws/ros2/install/car_interfaces/lib/python3.8/site-packages:${PYTHONPATH} /home/cyun/.local/bin/cmake --build /home/cyun/ros2_to_ros1_ws/v1.0/ros2_to_ros1_ws/ros2/build/data_bridge_ros2 -- -j32 -l32
[5.168s] Invoking command in '/home/cyun/ros2_to_ros1_ws/v1.0/ros2_to_ros1_ws/ros2/build/data_bridge_ros2': AMENT_PREFIX_PATH=/home/cyun/ros2_to_ros1_ws/v1.0/ros2_to_ros1_ws/ros2/install/car_interfaces:${AMENT_PREFIX_PATH} CMAKE_PREFIX_PATH=/home/cyun/ros2_to_ros1_ws/v1.0/ros2_to_ros1_ws/ros2/install/car_interfaces:/opt/ros/galactic:${CMAKE_PREFIX_PATH} LD_LIBRARY_PATH=/home/cyun/ros2_to_ros1_ws/v1.0/ros2_to_ros1_ws/ros2/install/car_interfaces/lib:/opt/ros/galactic/opt/yaml_cpp_vendor/lib:/opt/ros/galactic/opt/rviz_ogre_vendor/lib:/opt/ros/galactic/lib/x86_64-linux-gnu:/opt/ros/galactic/lib:/opt/ros/noetic/lib:/opt/ros/noetic/lib/x86_64-linux-gnu:/usr/local/lib:/opt/deepways_master/lib:/home/cyun/Downloads/apps/TensorRT-8.5.3.1/lib:/usr/local/lib:/opt/deepways_master/lib:/home/cyun/Downloads/apps/TensorRT-8.5.3.1/lib:/usr/local/cuda-11.8/lib64:/home/cyun/.mujoco/mujoco210/bin:/usr/lib/nvidia:/usr/lib/x86_64-linux-gnu/gazebo-11/plugins:/usr/local/cuda-11.8/lib64:/home/cyun/.mujoco/mujoco210/bin:/usr/lib/nvidia:/usr/lib/x86_64-linux-gnu/gazebo-11/plugins:/usr/lib/x86_64-linux-gnu/gazebo-11/plugins PYTHONPATH=/home/cyun/ros2_to_ros1_ws/v1.0/ros2_to_ros1_ws/ros2/install/car_interfaces/lib/python3.8/site-packages:${PYTHONPATH} /home/cyun/.local/bin/cmake --install /home/cyun/ros2_to_ros1_ws/v1.0/ros2_to_ros1_ws/ros2/build/data_bridge_ros2
[5.207s] -- Install configuration: ""
[5.207s] -- Installing: /home/cyun/ros2_to_ros1_ws/v1.0/ros2_to_ros1_ws/ros2/install/data_bridge_ros2/lib/data_bridge_ros2/pointcloud_writer_node
[5.208s] -- Set non-toolchain portion of runtime path of "/home/cyun/ros2_to_ros1_ws/v1.0/ros2_to_ros1_ws/ros2/install/data_bridge_ros2/lib/data_bridge_ros2/pointcloud_writer_node" to ""
[5.208s] -- Installing: /home/cyun/ros2_to_ros1_ws/v1.0/ros2_to_ros1_ws/ros2/install/data_bridge_ros2/lib/data_bridge_ros2/imu_writer_node
[5.209s] -- Set non-toolchain portion of runtime path of "/home/cyun/ros2_to_ros1_ws/v1.0/ros2_to_ros1_ws/ros2/install/data_bridge_ros2/lib/data_bridge_ros2/imu_writer_node" to ""
[5.209s] -- Installing: /home/cyun/ros2_to_ros1_ws/v1.0/ros2_to_ros1_ws/ros2/install/data_bridge_ros2/lib/data_bridge_ros2/tf_writer_node
[5.210s] -- Set non-toolchain portion of runtime path of "/home/cyun/ros2_to_ros1_ws/v1.0/ros2_to_ros1_ws/ros2/install/data_bridge_ros2/lib/data_bridge_ros2/tf_writer_node" to ""
[5.210s] -- Installing: /home/cyun/ros2_to_ros1_ws/v1.0/ros2_to_ros1_ws/ros2/install/data_bridge_ros2/lib/data_bridge_ros2/performance_monitor
[5.211s] -- Set non-toolchain portion of runtime path of "/home/cyun/ros2_to_ros1_ws/v1.0/ros2_to_ros1_ws/ros2/install/data_bridge_ros2/lib/data_bridge_ros2/performance_monitor" to ""
[5.211s] -- Installing: /home/cyun/ros2_to_ros1_ws/v1.0/ros2_to_ros1_ws/ros2/install/data_bridge_ros2/lib/data_bridge_ros2/benchmark_tool
[5.211s] -- Set non-toolchain portion of runtime path of "/home/cyun/ros2_to_ros1_ws/v1.0/ros2_to_ros1_ws/ros2/install/data_bridge_ros2/lib/data_bridge_ros2/benchmark_tool" to ""
[5.211s] -- Installing: /home/cyun/ros2_to_ros1_ws/v1.0/ros2_to_ros1_ws/ros2/install/data_bridge_ros2/lib/data_bridge_ros2/gps_converter_node
[5.212s] -- Set non-toolchain portion of runtime path of "/home/cyun/ros2_to_ros1_ws/v1.0/ros2_to_ros1_ws/ros2/install/data_bridge_ros2/lib/data_bridge_ros2/gps_converter_node" to ""
[5.212s] -- Installing: /home/cyun/ros2_to_ros1_ws/v1.0/ros2_to_ros1_ws/ros2/install/data_bridge_ros2/share/data_bridge_ros2//launch
[5.212s] -- Installing: /home/cyun/ros2_to_ros1_ws/v1.0/ros2_to_ros1_ws/ros2/install/data_bridge_ros2/share/data_bridge_ros2//launch/benchmark.launch.py
[5.212s] -- Installing: /home/cyun/ros2_to_ros1_ws/v1.0/ros2_to_ros1_ws/ros2/install/data_bridge_ros2/share/data_bridge_ros2//launch/gps_converter.launch.py
[5.213s] -- Installing: /home/cyun/ros2_to_ros1_ws/v1.0/ros2_to_ros1_ws/ros2/install/data_bridge_ros2/share/data_bridge_ros2//launch/performance_test.launch.py
[5.213s] -- Installing: /home/cyun/ros2_to_ros1_ws/v1.0/ros2_to_ros1_ws/ros2/install/data_bridge_ros2/share/data_bridge_ros2//launch/data_bridge.launch.py
[5.213s] -- Installing: /home/cyun/ros2_to_ros1_ws/v1.0/ros2_to_ros1_ws/ros2/install/data_bridge_ros2/share/ament_index/resource_index/package_run_dependencies/data_bridge_ros2
[5.213s] -- Installing: /home/cyun/ros2_to_ros1_ws/v1.0/ros2_to_ros1_ws/ros2/install/data_bridge_ros2/share/ament_index/resource_index/parent_prefix_path/data_bridge_ros2
[5.213s] -- Installing: /home/cyun/ros2_to_ros1_ws/v1.0/ros2_to_ros1_ws/ros2/install/data_bridge_ros2/share/data_bridge_ros2/environment/ament_prefix_path.sh
[5.213s] -- Installing: /home/cyun/ros2_to_ros1_ws/v1.0/ros2_to_ros1_ws/ros2/install/data_bridge_ros2/share/data_bridge_ros2/environment/ament_prefix_path.dsv
[5.213s] -- Installing: /home/cyun/ros2_to_ros1_ws/v1.0/ros2_to_ros1_ws/ros2/install/data_bridge_ros2/share/data_bridge_ros2/environment/path.sh
[5.213s] -- Installing: /home/cyun/ros2_to_ros1_ws/v1.0/ros2_to_ros1_ws/ros2/install/data_bridge_ros2/share/data_bridge_ros2/environment/path.dsv
[5.213s] -- Installing: /home/cyun/ros2_to_ros1_ws/v1.0/ros2_to_ros1_ws/ros2/install/data_bridge_ros2/share/data_bridge_ros2/local_setup.bash
[5.213s] -- Installing: /home/cyun/ros2_to_ros1_ws/v1.0/ros2_to_ros1_ws/ros2/install/data_bridge_ros2/share/data_bridge_ros2/local_setup.sh
[5.213s] -- Installing: /home/cyun/ros2_to_ros1_ws/v1.0/ros2_to_ros1_ws/ros2/install/data_bridge_ros2/share/data_bridge_ros2/local_setup.zsh
[5.214s] -- Installing: /home/cyun/ros2_to_ros1_ws/v1.0/ros2_to_ros1_ws/ros2/install/data_bridge_ros2/share/data_bridge_ros2/local_setup.dsv
[5.214s] -- Installing: /home/cyun/ros2_to_ros1_ws/v1.0/ros2_to_ros1_ws/ros2/install/data_bridge_ros2/share/data_bridge_ros2/package.dsv
[5.214s] -- Installing: /home/cyun/ros2_to_ros1_ws/v1.0/ros2_to_ros1_ws/ros2/install/data_bridge_ros2/share/ament_index/resource_index/packages/data_bridge_ros2
[5.214s] -- Installing: /home/cyun/ros2_to_ros1_ws/v1.0/ros2_to_ros1_ws/ros2/install/data_bridge_ros2/share/data_bridge_ros2/cmake/data_bridge_ros2Config.cmake
[5.214s] -- Installing: /home/cyun/ros2_to_ros1_ws/v1.0/ros2_to_ros1_ws/ros2/install/data_bridge_ros2/share/data_bridge_ros2/cmake/data_bridge_ros2Config-version.cmake
[5.214s] -- Installing: /home/cyun/ros2_to_ros1_ws/v1.0/ros2_to_ros1_ws/ros2/install/data_bridge_ros2/share/data_bridge_ros2/package.xml
[5.215s] Invoked command in '/home/cyun/ros2_to_ros1_ws/v1.0/ros2_to_ros1_ws/ros2/build/data_bridge_ros2' returned '0': AMENT_PREFIX_PATH=/home/cyun/ros2_to_ros1_ws/v1.0/ros2_to_ros1_ws/ros2/install/car_interfaces:${AMENT_PREFIX_PATH} CMAKE_PREFIX_PATH=/home/cyun/ros2_to_ros1_ws/v1.0/ros2_to_ros1_ws/ros2/install/car_interfaces:/opt/ros/galactic:${CMAKE_PREFIX_PATH} LD_LIBRARY_PATH=/home/cyun/ros2_to_ros1_ws/v1.0/ros2_to_ros1_ws/ros2/install/car_interfaces/lib:/opt/ros/galactic/opt/yaml_cpp_vendor/lib:/opt/ros/galactic/opt/rviz_ogre_vendor/lib:/opt/ros/galactic/lib/x86_64-linux-gnu:/opt/ros/galactic/lib:/opt/ros/noetic/lib:/opt/ros/noetic/lib/x86_64-linux-gnu:/usr/local/lib:/opt/deepways_master/lib:/home/cyun/Downloads/apps/TensorRT-8.5.3.1/lib:/usr/local/lib:/opt/deepways_master/lib:/home/cyun/Downloads/apps/TensorRT-8.5.3.1/lib:/usr/local/cuda-11.8/lib64:/home/cyun/.mujoco/mujoco210/bin:/usr/lib/nvidia:/usr/lib/x86_64-linux-gnu/gazebo-11/plugins:/usr/local/cuda-11.8/lib64:/home/cyun/.mujoco/mujoco210/bin:/usr/lib/nvidia:/usr/lib/x86_64-linux-gnu/gazebo-11/plugins:/usr/lib/x86_64-linux-gnu/gazebo-11/plugins PYTHONPATH=/home/cyun/ros2_to_ros1_ws/v1.0/ros2_to_ros1_ws/ros2/install/car_interfaces/lib/python3.8/site-packages:${PYTHONPATH} /home/cyun/.local/bin/cmake --install /home/cyun/ros2_to_ros1_ws/v1.0/ros2_to_ros1_ws/ros2/build/data_bridge_ros2
